Base path: /Applications/Unity/Unity4.app/Contents
Pipe name: \\.\pipe\UnityShaderCompiler-1--1605516844
Cmd: getPlatforms
Cmd: preprocess
  insize=1095 outsize=1001 ok=1
Cmd: compileSnippet
  api=0 type=0 insize=393 outsize=1013 kw=DIRECTIONAL SHADOWS_OFF LIGHTMAP_OFF DIRLIGHTMAP_OFF ok=1
Cmd: compileSnippet
  api=0 type=1 insize=393 outsize=1617 kw=DIRECTIONAL SHADOWS_OFF LIGHTMAP_OFF DIRLIGHTMAP_OFF ok=1
Cmd: compileSnippet
  api=0 type=0 insize=339 outsize=579 kw= ok=1
Cmd: compileSnippet
  api=0 type=1 insize=339 outsize=493 kw= ok=1
Cmd: preprocess
  insize=766 outsize=709 ok=1
Cmd: compileSnippet
  api=0 type=0 insize=393 outsize=786 kw=DIRECTIONAL SHADOWS_OFF LIGHTMAP_OFF DIRLIGHTMAP_OFF ok=1
Cmd: compileSnippet
  api=0 type=1 insize=393 outsize=735 kw=DIRECTIONAL SHADOWS_OFF LIGHTMAP_OFF DIRLIGHTMAP_OFF ok=1
Cmd: preprocess
  insize=3465 outsize=940 ok=1
Cmd: compileSnippet
  api=0 type=0 insize=2303 outsize=826 kw=DIRECTIONAL SHADOWS_OFF LIGHTMAP_OFF DIRLIGHTMAP_OFF ok=1
Cmd: compileSnippet
  api=0 type=1 insize=2303 outsize=1253 kw=DIRECTIONAL SHADOWS_OFF LIGHTMAP_OFF DIRLIGHTMAP_OFF ok=1
Cmd: compileSnippet
  api=0 type=0 insize=863 outsize=658 kw= ok=1
Cmd: compileSnippet
  api=0 type=1 insize=863 outsize=142 kw= ok=1
Cmd: preprocess
  insize=2697 outsize=734 ok=1
Cmd: compileSnippet
  api=0 type=0 insize=2298 outsize=826 kw=DIRECTIONAL SHADOWS_OFF LIGHTMAP_OFF DIRLIGHTMAP_OFF ok=1
Cmd: compileSnippet
  api=0 type=1 insize=2298 outsize=1261 kw=DIRECTIONAL SHADOWS_OFF LIGHTMAP_OFF DIRLIGHTMAP_OFF ok=1
Cmd: preprocess
  insize=1107 outsize=1013 ok=1
Cmd: preprocess
  insize=3359 outsize=840 ok=1
Cmd: compileSnippet
  api=0 type=0 insize=863 outsize=658 kw= ok=1
Cmd: compileSnippet
  api=0 type=1 insize=863 outsize=142 kw= ok=1
Cmd: preprocess
  insize=755 outsize=698 ok=1
Cmd: compileSnippet
  api=0 type=0 insize=393 outsize=786 kw=DIRECTIONAL SHADOWS_OFF LIGHTMAP_OFF DIRLIGHTMAP_OFF ok=1
Cmd: compileSnippet
  api=0 type=1 insize=393 outsize=735 kw=DIRECTIONAL SHADOWS_OFF LIGHTMAP_OFF DIRLIGHTMAP_OFF ok=1
Cmd: preprocess
  insize=757 outsize=700 ok=1
Cmd: preprocess
  insize=1113 outsize=1019 ok=1
Cmd: preprocess
  insize=662 outsize=1282 ok=1
Cmd: compileSnippet
  api=0 type=0 insize=4403 outsize=621 kw=DIRECTIONAL SHADOWS_OFF LIGHTMAP_OFF DIRLIGHTMAP_OFF ok=1
Cmd: compileSnippet
  api=0 type=1 insize=4403 outsize=403 kw=DIRECTIONAL SHADOWS_OFF LIGHTMAP_OFF DIRLIGHTMAP_OFF ok=1
Cmd: compileSnippet
  api=0 type=0 insize=2383 outsize=817 kw=POINT ok=1
Cmd: compileSnippet
  api=0 type=1 insize=2383 outsize=536 kw=POINT ok=1
Cmd: compileSnippet
  api=0 type=0 insize=1911 outsize=457 kw= ok=1
Cmd: compileSnippet
  api=0 type=1 insize=1911 outsize=159 kw= ok=1
Cmd: compileSnippet
  api=0 type=0 insize=4045 outsize=539 kw=LIGHTMAP_OFF DIRLIGHTMAP_OFF HDR_LIGHT_PREPASS_OFF ok=1
Cmd: compileSnippet
  api=0 type=1 insize=4045 outsize=302 kw=LIGHTMAP_OFF DIRLIGHTMAP_OFF HDR_LIGHT_PREPASS_OFF ok=1
Cmd: preprocess
  insize=3056 outsize=1760 ok=1
Cmd: compileSnippet
  api=0 type=0 insize=1602 outsize=693 kw= ok=1
Cmd: compileSnippet
  api=0 type=1 insize=1602 outsize=733 kw= ok=1
Cmd: preprocess
  insize=2522 outsize=2522 ok=1
Cmd: preprocess
  insize=662 outsize=605 ok=1
Cmd: compileSnippet
  api=0 type=0 insize=393 outsize=786 kw=DIRECTIONAL SHADOWS_OFF LIGHTMAP_OFF DIRLIGHTMAP_OFF ok=1
Cmd: compileSnippet
  api=0 type=1 insize=393 outsize=735 kw=DIRECTIONAL SHADOWS_OFF LIGHTMAP_OFF DIRLIGHTMAP_OFF ok=1
Cmd: preprocess
  insize=870 outsize=777 ok=1
Cmd: compileSnippet
  api=0 type=0 insize=393 outsize=786 kw=DIRECTIONAL SHADOWS_OFF LIGHTMAP_OFF DIRLIGHTMAP_OFF ok=1
Cmd: compileSnippet
  api=0 type=1 insize=393 outsize=735 kw=DIRECTIONAL SHADOWS_OFF LIGHTMAP_OFF DIRLIGHTMAP_OFF ok=1
Cmd: compileSnippet
  api=0 type=0 insize=339 outsize=579 kw= ok=1
Cmd: compileSnippet
  api=0 type=1 insize=339 outsize=493 kw= ok=1
Cmd: preprocess
  insize=928 outsize=1605 ok=1
Cmd: compileSnippet
  api=0 type=0 insize=4966 outsize=1058 kw=DIRECTIONAL SHADOWS_OFF LIGHTMAP_OFF DIRLIGHTMAP_OFF ok=1
Cmd: compileSnippet
  api=0 type=1 insize=4966 outsize=830 kw=DIRECTIONAL SHADOWS_OFF LIGHTMAP_OFF DIRLIGHTMAP_OFF ok=1
Cmd: compileSnippet
  api=0 type=0 insize=2576 outsize=857 kw=POINT ok=1
Cmd: compileSnippet
  api=0 type=1 insize=2576 outsize=1007 kw=POINT ok=1
Cmd: compileSnippet
  api=0 type=0 insize=2084 outsize=524 kw= ok=1
Cmd: compileSnippet
  api=0 type=1 insize=2084 outsize=291 kw= ok=1
Cmd: compileSnippet
  api=0 type=0 insize=4389 outsize=905 kw=LIGHTMAP_OFF DIRLIGHTMAP_OFF HDR_LIGHT_PREPASS_OFF ok=1
Cmd: compileSnippet
  api=0 type=1 insize=4389 outsize=509 kw=LIGHTMAP_OFF DIRLIGHTMAP_OFF HDR_LIGHT_PREPASS_OFF ok=1
Cmd: preprocess
  insize=769 outsize=712 ok=1
Cmd: preprocess
  insize=3414 outsize=863 ok=1
Cmd: compileSnippet
  api=0 type=0 insize=2330 outsize=826 kw=DIRECTIONAL SHADOWS_OFF LIGHTMAP_OFF DIRLIGHTMAP_OFF ok=1
Cmd: compileSnippet
  api=0 type=1 insize=2330 outsize=1288 kw=DIRECTIONAL SHADOWS_OFF LIGHTMAP_OFF DIRLIGHTMAP_OFF ok=1
Cmd: preprocess
  insize=1093 outsize=999 ok=1
Cmd: compileSnippet
  api=0 type=0 insize=2383 outsize=560 kw=DIRECTIONAL ok=1
Cmd: compileSnippet
  api=0 type=1 insize=2383 outsize=355 kw=DIRECTIONAL ok=1
Cmd: compileSnippet
  api=0 type=0 insize=2576 outsize=699 kw=DIRECTIONAL ok=1
Cmd: compileSnippet
  api=0 type=1 insize=2576 outsize=814 kw=DIRECTIONAL ok=1
End of pipe

Quitting shader compiler process
